{"C:\\Users\\danie\\Downloads\\ArcaneGad\\ArcaneGad\\src\\auth\\AuthContext.jsx": {"path":"C:\\Users\\danie\\Downloads\\ArcaneGad\\ArcaneGad\\src\\auth\\AuthContext.jsx","statementMap":{"0":{"start":{"line":4,"column":6},"end":{"line":4,"column":39}},"1":{"start":{"line":7,"column":15},"end":{"line":9,"column":null}},"2":{"start":{"line":8,"column":10},"end":{"line":8,"column":78}},"3":{"start":{"line":8,"column":80},"end":{"line":8,"column":null}},"4":{"start":{"line":11,"column":2},"end":{"line":14,"column":null}},"5":{"start":{"line":12,"column":4},"end":{"line":13,"column":null}},"6":{"start":{"line":12,"column":14},"end":{"line":12,"column":null}},"7":{"start":{"line":13,"column":9},"end":{"line":13,"column":null}},"8":{"start":{"line":21,"column":6},"end":{"line":21,"column":null}},"9":{"start":{"line":22,"column":6},"end":{"line":22,"column":null}},"10":{"start":{"line":24,"column":19},"end":{"line":24,"column":null}},"11":{"start":{"line":25,"column":4},"end":{"line":25,"column":null}},"12":{"start":{"line":26,"column":4},"end":{"line":26,"column":null}},"13":{"start":{"line":31,"column":4},"end":{"line":31,"column":null}},"14":{"start":{"line":32,"column":4},"end":{"line":32,"column":null}},"15":{"start":{"line":35,"column":8},"end":{"line":35,"column":36}},"16":{"start":{"line":35,"column":23},"end":{"line":35,"column":36}},"17":{"start":{"line":37,"column":2},"end":{"line":40,"column":null}},"18":{"start":{"line":44,"column":13},"end":{"line":44,"column":52}}},"fnMap":{"0":{"name":"(anonymous_0)","decl":{"start":{"line":7,"column":26},"end":{"line":7,"column":41}},"loc":{"start":{"line":7,"column":41},"end":{"line":9,"column":null}},"line":7},"1":{"name":"(anonymous_1)","decl":{"start":{"line":11,"column":2},"end":{"line":11,"column":18}},"loc":{"start":{"line":11,"column":18},"end":{"line":14,"column":6}},"line":11},"2":{"name":"(anonymous_2)","decl":{"start":{"line":35,"column":8},"end":{"line":35,"column":23}},"loc":{"start":{"line":35,"column":23},"end":{"line":35,"column":36}},"line":35},"3":{"name":"(anonymous_3)","decl":{"start":{"line":44,"column":13},"end":{"line":44,"column":29}},"loc":{"start":{"line":44,"column":13},"end":{"line":44,"column":52}},"line":44}},"branchMap":{"0":{"loc":{"start":{"line":8,"column":17},"end":{"line":8,"column":78}},"type":"binary-expr","locations":[{"start":{"line":8,"column":17},"end":{"line":8,"column":60}},{"start":{"line":8,"column":64},"end":{"line":8,"column":78}}],"line":8},"1":{"loc":{"start":{"line":12,"column":4},"end":{"line":13,"column":null}},"type":"if","locations":[{"start":{"line":12,"column":4},"end":{"line":13,"column":null}},{"start":{"line":13,"column":9},"end":{"line":13,"column":null}}],"line":12},"2":{"loc":{"start":{"line":20,"column":8},"end":{"line":20,"column":67}},"type":"binary-expr","locations":[{"start":{"line":20,"column":8},"end":{"line":20,"column":42}},{"start":{"line":20,"column":42},"end":{"line":20,"column":67}}],"line":20},"3":{"loc":{"start":{"line":24,"column":19},"end":{"line":24,"column":null}},"type":"binary-expr","locations":[{"start":{"line":24,"column":19},"end":{"line":24,"column":42}},{"start":{"line":24,"column":42},"end":{"line":24,"column":null}}],"line":24}},"s":{"0":2,"1":0,"2":0,"3":0,"4":0,"5":0,"6":0,"7":0,"8":0,"9":0,"10":0,"11":0,"12":0,"13":0,"14":0,"15":0,"16":0,"17":0,"18":0},"f":{"0":0,"1":0,"2":0,"3":0},"b":{"0":[0,0],"1":[0,0],"2":[0,0],"3":[0,0]},"meta":{"lastBranch":4,"lastFunction":4,"lastStatement":19,"seen":{"s:4:6:4:39":0,"s:7:15:9:Infinity":1,"f:7:26:7:41":0,"s:8:10:8:78":2,"b:8:17:8:60:8:64:8:78":0,"s:8:80:8:Infinity":3,"s:11:2:14:Infinity":4,"f:11:2:11:18":1,"b:12:4:13:Infinity:13:9:13:Infinity":1,"s:12:4:13:Infinity":5,"s:12:14:12:Infinity":6,"s:13:9:13:Infinity":7,"b:20:8:20:42:20:42:20:67":2,"s:21:6:21:Infinity":8,"s:22:6:22:Infinity":9,"s:24:19:24:Infinity":10,"b:24:19:24:42:24:42:24:Infinity":3,"s:25:4:25:Infinity":11,"s:26:4:26:Infinity":12,"s:31:4:31:Infinity":13,"s:32:4:32:Infinity":14,"s:35:8:35:36":15,"f:35:8:35:23":2,"s:35:23:35:36":16,"s:37:2:40:Infinity":17,"s:44:13:44:52":18,"f:44:13:44:29":3}}}
,"C:\\Users\\danie\\Downloads\\ArcaneGad\\ArcaneGad\\src\\components\\AdminRoute.jsx": {"path":"C:\\Users\\danie\\Downloads\\ArcaneGad\\ArcaneGad\\src\\components\\AdminRoute.jsx","statementMap":{"0":{"start":{"line":7,"column":10},"end":{"line":7,"column":28}},"1":{"start":{"line":8,"column":8},"end":{"line":8,"column":27}},"2":{"start":{"line":9,"column":2},"end":{"line":9,"column":null}},"3":{"start":{"line":9,"column":13},"end":{"line":9,"column":null}},"4":{"start":{"line":10,"column":2},"end":{"line":10,"column":null}},"5":{"start":{"line":10,"column":29},"end":{"line":10,"column":null}},"6":{"start":{"line":11,"column":2},"end":{"line":11,"column":null}}},"fnMap":{},"branchMap":{"0":{"loc":{"start":{"line":9,"column":2},"end":{"line":9,"column":null}},"type":"if","locations":[{"start":{"line":9,"column":2},"end":{"line":9,"column":null}},{"start":{},"end":{}}],"line":9},"1":{"loc":{"start":{"line":10,"column":2},"end":{"line":10,"column":null}},"type":"if","locations":[{"start":{"line":10,"column":2},"end":{"line":10,"column":null}},{"start":{},"end":{}}],"line":10}},"s":{"0":1,"1":1,"2":1,"3":0,"4":1,"5":1,"6":0},"f":{},"b":{"0":[0,1],"1":[1,0]},"meta":{"lastBranch":2,"lastFunction":0,"lastStatement":7,"seen":{"s:7:10:7:28":0,"s:8:8:8:27":1,"b:9:2:9:Infinity:undefined:undefined:undefined:undefined":0,"s:9:2:9:Infinity":2,"s:9:13:9:Infinity":3,"b:10:2:10:Infinity:undefined:undefined:undefined:undefined":1,"s:10:2:10:Infinity":4,"s:10:29:10:Infinity":5,"s:11:2:11:Infinity":6}}}
,"C:\\Users\\danie\\Downloads\\ArcaneGad\\ArcaneGad\\src\\components\\ProtectedRoute.jsx": {"path":"C:\\Users\\danie\\Downloads\\ArcaneGad\\ArcaneGad\\src\\components\\ProtectedRoute.jsx","statementMap":{"0":{"start":{"line":7,"column":8},"end":{"line":7,"column":26}},"1":{"start":{"line":8,"column":11},"end":{"line":8,"column":null}},"2":{"start":{"line":9,"column":0},"end":{"line":9,"column":null}}},"fnMap":{},"branchMap":{},"s":{"0":1,"1":1,"2":0},"f":{},"b":{},"meta":{"lastBranch":0,"lastFunction":0,"lastStatement":3,"seen":{"s:7:8:7:26":0,"s:8:11:8:Infinity":1,"s:9:0:9:Infinity":2}}}
,"C:\\Users\\danie\\Downloads\\ArcaneGad\\ArcaneGad\\src\\data\\ropa.js": {"path":"C:\\Users\\danie\\Downloads\\ArcaneGad\\ArcaneGad\\src\\data\\ropa.js","statementMap":{"0":{"start":{"line":4,"column":20},"end":{"line":36,"column":null}}},"fnMap":{},"branchMap":{},"s":{"0":3},"f":{},"b":{},"meta":{"lastBranch":0,"lastFunction":0,"lastStatement":1,"seen":{"s:4:20:36:Infinity":0}}}
,"C:\\Users\\danie\\Downloads\\ArcaneGad\\ArcaneGad\\src\\pages\\ProductoDetalle.jsx": {"path":"C:\\Users\\danie\\Downloads\\ArcaneGad\\ArcaneGad\\src\\pages\\ProductoDetalle.jsx","statementMap":{"0":{"start":{"line":8,"column":15},"end":{"line":8,"column":null}},"1":{"start":{"line":11,"column":10},"end":{"line":11,"column":28}},"2":{"start":{"line":12,"column":8},"end":{"line":12,"column":32}},"3":{"start":{"line":13,"column":10},"end":{"line":13,"column":28}},"4":{"start":{"line":14,"column":8},"end":{"line":14,"column":75}},"5":{"start":{"line":14,"column":19},"end":{"line":14,"column":68}},"6":{"start":{"line":14,"column":56},"end":{"line":14,"column":68}},"7":{"start":{"line":16,"column":16},"end":{"line":16,"column":42}},"8":{"start":{"line":19,"column":4},"end":{"line":23,"column":null}},"9":{"start":{"line":22,"column":55},"end":{"line":22,"column":77}},"10":{"start":{"line":28,"column":4},"end":{"line":28,"column":null}},"11":{"start":{"line":28,"column":16},"end":{"line":28,"column":null}},"12":{"start":{"line":29,"column":17},"end":{"line":29,"column":40}},"13":{"start":{"line":29,"column":40},"end":{"line":29,"column":null}},"14":{"start":{"line":30,"column":4},"end":{"line":37,"column":null}},"15":{"start":{"line":38,"column":4},"end":{"line":38,"column":null}},"16":{"start":{"line":41,"column":2},"end":{"line":80,"column":null}},"17":{"start":{"line":60,"column":16},"end":{"line":66,"column":null}},"18":{"start":{"line":63,"column":33},"end":{"line":63,"column":44}}},"fnMap":{"0":{"name":"(anonymous_0)","decl":{"start":{"line":14,"column":19},"end":{"line":14,"column":33}},"loc":{"start":{"line":14,"column":19},"end":{"line":14,"column":68}},"line":14},"1":{"name":"(anonymous_1)","decl":{"start":{"line":14,"column":46},"end":{"line":14,"column":51}},"loc":{"start":{"line":14,"column":56},"end":{"line":14,"column":68}},"line":14},"2":{"name":"(anonymous_2)","decl":{"start":{"line":22,"column":40},"end":{"line":22,"column":55}},"loc":{"start":{"line":22,"column":55},"end":{"line":22,"column":77}},"line":22},"3":{"name":"(anonymous_3)","decl":{"start":{"line":59,"column":22},"end":{"line":59,"column":26}},"loc":{"start":{"line":60,"column":16},"end":{"line":66,"column":null}},"line":60},"4":{"name":"(anonymous_4)","decl":{"start":{"line":63,"column":18},"end":{"line":63,"column":33}},"loc":{"start":{"line":63,"column":33},"end":{"line":63,"column":44}},"line":63}},"branchMap":{"0":{"loc":{"start":{"line":28,"column":4},"end":{"line":28,"column":null}},"type":"if","locations":[{"start":{"line":28,"column":4},"end":{"line":28,"column":null}},{"start":{},"end":{}}],"line":28},"1":{"loc":{"start":{"line":62,"column":27},"end":{"line":62,"column":null}},"type":"cond-expr","locations":[{"start":{"line":62,"column":41},"end":{"line":62,"column":51}},{"start":{"line":62,"column":51},"end":{"line":62,"column":null}}],"line":62}},"s":{"0":1,"1":2,"2":2,"3":2,"4":2,"5":1,"6":1,"7":2,"8":0,"9":0,"10":0,"11":0,"12":0,"13":0,"14":0,"15":0,"16":2,"17":10,"18":1},"f":{"0":1,"1":1,"2":0,"3":10,"4":1},"b":{"0":[0,0],"1":[1,9]},"meta":{"lastBranch":2,"lastFunction":5,"lastStatement":19,"seen":{"s:8:15:8:Infinity":0,"s:11:10:11:28":1,"s:12:8:12:32":2,"s:13:10:13:28":3,"s:14:8:14:75":4,"f:14:19:14:33":0,"s:14:19:14:68":5,"f:14:46:14:51":1,"s:14:56:14:68":6,"s:16:16:16:42":7,"s:19:4:23:Infinity":8,"f:22:40:22:55":2,"s:22:55:22:77":9,"b:28:4:28:Infinity:undefined:undefined:undefined:undefined":0,"s:28:4:28:Infinity":10,"s:28:16:28:Infinity":11,"s:29:17:29:40":12,"s:29:40:29:Infinity":13,"s:30:4:37:Infinity":14,"s:38:4:38:Infinity":15,"s:41:2:80:Infinity":16,"f:59:22:59:26":3,"s:60:16:66:Infinity":17,"b:62:41:62:51:62:51:62:Infinity":1,"f:63:18:63:33":4,"s:63:33:63:44":18}}}
,"C:\\Users\\danie\\Downloads\\ArcaneGad\\ArcaneGad\\src\\pages\\Productos.jsx": {"path":"C:\\Users\\danie\\Downloads\\ArcaneGad\\ArcaneGad\\src\\pages\\Productos.jsx","statementMap":{"0":{"start":{"line":8,"column":8},"end":{"line":8,"column":32}},"1":{"start":{"line":9,"column":8},"end":{"line":9,"column":27}},"2":{"start":{"line":11,"column":19},"end":{"line":11,"column":45}},"3":{"start":{"line":12,"column":19},"end":{"line":12,"column":53}},"4":{"start":{"line":13,"column":23},"end":{"line":13,"column":59}},"5":{"start":{"line":14,"column":27},"end":{"line":14,"column":64}},"6":{"start":{"line":17,"column":18},"end":{"line":17,"column":null}},"7":{"start":{"line":18,"column":18},"end":{"line":18,"column":null}},"8":{"start":{"line":19,"column":10},"end":{"line":23,"column":null}},"9":{"start":{"line":20,"column":22},"end":{"line":20,"column":null}},"10":{"start":{"line":21,"column":21},"end":{"line":21,"column":null}},"11":{"start":{"line":22,"column":6},"end":{"line":22,"column":null}},"12":{"start":{"line":24,"column":4},"end":{"line":24,"column":null}},"13":{"start":{"line":27,"column":8},"end":{"line":27,"column":56}},"14":{"start":{"line":27,"column":28},"end":{"line":27,"column":56}},"15":{"start":{"line":29,"column":2},"end":{"line":108,"column":null}},"16":{"start":{"line":34,"column":27},"end":{"line":34,"column":47}},"17":{"start":{"line":34,"column":47},"end":{"line":34,"column":null}},"18":{"start":{"line":47,"column":33},"end":{"line":47,"column":73}},"19":{"start":{"line":61,"column":33},"end":{"line":61,"column":73}},"20":{"start":{"line":74,"column":33},"end":{"line":74,"column":64}},"21":{"start":{"line":95,"column":10},"end":{"line":105,"column":null}},"22":{"start":{"line":102,"column":39},"end":{"line":102,"column":54}}},"fnMap":{"0":{"name":"(anonymous_0)","decl":{"start":{"line":19,"column":37},"end":{"line":19,"column":45}},"loc":{"start":{"line":19,"column":51},"end":{"line":23,"column":null}},"line":19},"1":{"name":"(anonymous_1)","decl":{"start":{"line":27,"column":8},"end":{"line":27,"column":21}},"loc":{"start":{"line":27,"column":28},"end":{"line":27,"column":56}},"line":27},"2":{"name":"(anonymous_2)","decl":{"start":{"line":47,"column":16},"end":{"line":47,"column":27}},"loc":{"start":{"line":47,"column":33},"end":{"line":47,"column":73}},"line":47},"3":{"name":"(anonymous_3)","decl":{"start":{"line":61,"column":16},"end":{"line":61,"column":27}},"loc":{"start":{"line":61,"column":33},"end":{"line":61,"column":73}},"line":61},"4":{"name":"(anonymous_4)","decl":{"start":{"line":74,"column":16},"end":{"line":74,"column":27}},"loc":{"start":{"line":74,"column":33},"end":{"line":74,"column":64}},"line":74},"5":{"name":"(anonymous_5)","decl":{"start":{"line":94,"column":26},"end":{"line":94,"column":31}},"loc":{"start":{"line":95,"column":10},"end":{"line":105,"column":null}},"line":95},"6":{"name":"(anonymous_6)","decl":{"start":{"line":102,"column":24},"end":{"line":102,"column":39}},"loc":{"start":{"line":102,"column":39},"end":{"line":102,"column":54}},"line":102}},"branchMap":{"0":{"loc":{"start":{"line":17,"column":18},"end":{"line":17,"column":null}},"type":"cond-expr","locations":[{"start":{"line":17,"column":46},"end":{"line":17,"column":57}},{"start":{"line":17,"column":57},"end":{"line":17,"column":null}}],"line":17},"1":{"loc":{"start":{"line":18,"column":18},"end":{"line":18,"column":null}},"type":"cond-expr","locations":[{"start":{"line":18,"column":46},"end":{"line":18,"column":57}},{"start":{"line":18,"column":57},"end":{"line":18,"column":null}}],"line":18},"2":{"loc":{"start":{"line":20,"column":22},"end":{"line":20,"column":null}},"type":"binary-expr","locations":[{"start":{"line":20,"column":22},"end":{"line":20,"column":43}},{"start":{"line":20,"column":43},"end":{"line":20,"column":null}}],"line":20},"3":{"loc":{"start":{"line":21,"column":21},"end":{"line":21,"column":null}},"type":"binary-expr","locations":[{"start":{"line":21,"column":21},"end":{"line":21,"column":49}},{"start":{"line":21,"column":49},"end":{"line":21,"column":null}}],"line":21},"4":{"loc":{"start":{"line":22,"column":13},"end":{"line":22,"column":null}},"type":"binary-expr","locations":[{"start":{"line":22,"column":13},"end":{"line":22,"column":24}},{"start":{"line":22,"column":24},"end":{"line":22,"column":null}}],"line":22},"5":{"loc":{"start":{"line":47,"column":45},"end":{"line":47,"column":73}},"type":"binary-expr","locations":[{"start":{"line":47,"column":45},"end":{"line":47,"column":67}},{"start":{"line":47,"column":71},"end":{"line":47,"column":73}}],"line":47},"6":{"loc":{"start":{"line":61,"column":45},"end":{"line":61,"column":73}},"type":"binary-expr","locations":[{"start":{"line":61,"column":45},"end":{"line":61,"column":67}},{"start":{"line":61,"column":71},"end":{"line":61,"column":73}}],"line":61}},"s":{"0":3,"1":3,"2":3,"3":3,"4":3,"5":3,"6":1,"7":1,"8":1,"9":2,"10":2,"11":2,"12":1,"13":3,"14":0,"15":3,"16":1,"17":1,"18":0,"19":0,"20":1,"21":5,"22":0},"f":{"0":2,"1":0,"2":0,"3":0,"4":1,"5":5,"6":0},"b":{"0":[1,0],"1":[1,0],"2":[2,2],"3":[2,2],"4":[2,2],"5":[0,0],"6":[0,0]},"meta":{"lastBranch":7,"lastFunction":7,"lastStatement":23,"seen":{"s:8:8:8:32":0,"s:9:8:9:27":1,"s:11:19:11:45":2,"s:12:19:12:53":3,"s:13:23:13:59":4,"s:14:27:14:64":5,"s:17:18:17:Infinity":6,"b:17:46:17:57:17:57:17:Infinity":0,"s:18:18:18:Infinity":7,"b:18:46:18:57:18:57:18:Infinity":1,"s:19:10:23:Infinity":8,"f:19:37:19:45":0,"s:20:22:20:Infinity":9,"b:20:22:20:43:20:43:20:Infinity":2,"s:21:21:21:Infinity":10,"b:21:21:21:49:21:49:21:Infinity":3,"s:22:6:22:Infinity":11,"b:22:13:22:24:22:24:22:Infinity":4,"s:24:4:24:Infinity":12,"s:27:8:27:56":13,"f:27:8:27:21":1,"s:27:28:27:56":14,"s:29:2:108:Infinity":15,"s:34:27:34:47":16,"s:34:47:34:Infinity":17,"f:47:16:47:27":2,"s:47:33:47:73":18,"b:47:45:47:67:47:71:47:73":5,"f:61:16:61:27":3,"s:61:33:61:73":19,"b:61:45:61:67:61:71:61:73":6,"f:74:16:74:27":4,"s:74:33:74:64":20,"f:94:26:94:31":5,"s:95:10:105:Infinity":21,"f:102:24:102:39":6,"s:102:39:102:54":22}}}
,"C:\\Users\\danie\\Downloads\\ArcaneGad\\ArcaneGad\\src\\utils\\cart.js": {"path":"C:\\Users\\danie\\Downloads\\ArcaneGad\\ArcaneGad\\src\\utils\\cart.js","statementMap":{"0":{"start":{"line":5,"column":12},"end":{"line":5,"column":21}},"1":{"start":{"line":6,"column":2},"end":{"line":6,"column":null}},"2":{"start":{"line":11,"column":2},"end":{"line":11,"column":null}},"3":{"start":{"line":11,"column":25},"end":{"line":11,"column":null}},"4":{"start":{"line":12,"column":16},"end":{"line":12,"column":null}},"5":{"start":{"line":13,"column":14},"end":{"line":13,"column":36}},"6":{"start":{"line":14,"column":14},"end":{"line":14,"column":72}},"7":{"start":{"line":14,"column":34},"end":{"line":14,"column":72}},"8":{"start":{"line":16,"column":17},"end":{"line":16,"column":26}},"9":{"start":{"line":17,"column":4},"end":{"line":17,"column":null}},"10":{"start":{"line":18,"column":4},"end":{"line":18,"column":null}},"11":{"start":{"line":20,"column":2},"end":{"line":20,"column":null}},"12":{"start":{"line":25,"column":2},"end":{"line":27,"column":null}},"13":{"start":{"line":26,"column":4},"end":{"line":26,"column":null}},"14":{"start":{"line":32,"column":2},"end":{"line":36,"column":null}},"15":{"start":{"line":34,"column":6},"end":{"line":34,"column":null}},"16":{"start":{"line":36,"column":12},"end":{"line":36,"column":34}},"17":{"start":{"line":41,"column":2},"end":{"line":41,"column":null}},"18":{"start":{"line":41,"column":26},"end":{"line":41,"column":62}},"19":{"start":{"line":46,"column":2},"end":{"line":55,"column":null}},"20":{"start":{"line":48,"column":16},"end":{"line":48,"column":35}},"21":{"start":{"line":49,"column":16},"end":{"line":49,"column":null}},"22":{"start":{"line":50,"column":6},"end":{"line":50,"column":null}},"23":{"start":{"line":51,"column":6},"end":{"line":51,"column":null}},"24":{"start":{"line":52,"column":6},"end":{"line":52,"column":null}}},"fnMap":{"0":{"name":"(anonymous_0)","decl":{"start":{"line":14,"column":19},"end":{"line":14,"column":29}},"loc":{"start":{"line":14,"column":34},"end":{"line":14,"column":72}},"line":14},"1":{"name":"(anonymous_1)","decl":{"start":{"line":25,"column":14},"end":{"line":25,"column":18}},"loc":{"start":{"line":26,"column":4},"end":{"line":26,"column":null}},"line":26},"2":{"name":"(anonymous_2)","decl":{"start":{"line":33,"column":5},"end":{"line":33,"column":9}},"loc":{"start":{"line":34,"column":6},"end":{"line":34,"column":null}},"line":34},"3":{"name":"(anonymous_3)","decl":{"start":{"line":36,"column":5},"end":{"line":36,"column":12}},"loc":{"start":{"line":36,"column":12},"end":{"line":36,"column":34}},"line":36},"4":{"name":"(anonymous_4)","decl":{"start":{"line":41,"column":14},"end":{"line":41,"column":21}},"loc":{"start":{"line":41,"column":26},"end":{"line":41,"column":62}},"line":41},"5":{"name":"(anonymous_5)","decl":{"start":{"line":46,"column":23},"end":{"line":46,"column":null}},"loc":{"start":{"line":47,"column":16},"end":{"line":54,"column":6}},"line":47}},"branchMap":{"0":{"loc":{"start":{"line":6,"column":9},"end":{"line":6,"column":null}},"type":"cond-expr","locations":[{"start":{"line":6,"column":39},"end":{"line":6,"column":52}},{"start":{"line":6,"column":55},"end":{"line":6,"column":null}}],"line":6},"1":{"loc":{"start":{"line":6,"column":9},"end":{"line":6,"column":39}},"type":"binary-expr","locations":[{"start":{"line":6,"column":9},"end":{"line":6,"column":27}},{"start":{"line":6,"column":31},"end":{"line":6,"column":39}}],"line":6},"2":{"loc":{"start":{"line":11,"column":2},"end":{"line":11,"column":null}},"type":"if","locations":[{"start":{"line":11,"column":2},"end":{"line":11,"column":null}},{"start":{},"end":{}}],"line":11},"3":{"loc":{"start":{"line":11,"column":6},"end":{"line":11,"column":25}},"type":"binary-expr","locations":[{"start":{"line":11,"column":6},"end":{"line":11,"column":15}},{"start":{"line":11,"column":15},"end":{"line":11,"column":25}}],"line":11},"4":{"loc":{"start":{"line":12,"column":16},"end":{"line":12,"column":null}},"type":"binary-expr","locations":[{"start":{"line":12,"column":16},"end":{"line":12,"column":30}},{"start":{"line":12,"column":30},"end":{"line":12,"column":null}}],"line":12},"5":{"loc":{"start":{"line":13,"column":22},"end":{"line":13,"column":36}},"type":"binary-expr","locations":[{"start":{"line":13,"column":22},"end":{"line":13,"column":34}},{"start":{"line":13,"column":34},"end":{"line":13,"column":36}}],"line":13},"6":{"loc":{"start":{"line":14,"column":34},"end":{"line":14,"column":72}},"type":"binary-expr","locations":[{"start":{"line":14,"column":34},"end":{"line":14,"column":54}},{"start":{"line":14,"column":54},"end":{"line":14,"column":72}}],"line":14},"7":{"loc":{"start":{"line":17,"column":38},"end":{"line":17,"column":60}},"type":"binary-expr","locations":[{"start":{"line":17,"column":38},"end":{"line":17,"column":55}},{"start":{"line":17,"column":55},"end":{"line":17,"column":60}}],"line":17},"8":{"loc":{"start":{"line":26,"column":4},"end":{"line":26,"column":null}},"type":"cond-expr","locations":[{"start":{"line":26,"column":39},"end":{"line":26,"column":73}},{"start":{"line":26,"column":73},"end":{"line":26,"column":null}}],"line":26},"9":{"loc":{"start":{"line":26,"column":4},"end":{"line":26,"column":39}},"type":"binary-expr","locations":[{"start":{"line":26,"column":4},"end":{"line":26,"column":19}},{"start":{"line":26,"column":19},"end":{"line":26,"column":39}}],"line":26},"10":{"loc":{"start":{"line":26,"column":53},"end":{"line":26,"column":67}},"type":"binary-expr","locations":[{"start":{"line":26,"column":53},"end":{"line":26,"column":62}},{"start":{"line":26,"column":62},"end":{"line":26,"column":67}}],"line":26},"11":{"loc":{"start":{"line":34,"column":6},"end":{"line":34,"column":null}},"type":"cond-expr","locations":[{"start":{"line":34,"column":41},"end":{"line":34,"column":75}},{"start":{"line":34,"column":75},"end":{"line":34,"column":null}}],"line":34},"12":{"loc":{"start":{"line":34,"column":6},"end":{"line":34,"column":41}},"type":"binary-expr","locations":[{"start":{"line":34,"column":6},"end":{"line":34,"column":21}},{"start":{"line":34,"column":21},"end":{"line":34,"column":41}}],"line":34},"13":{"loc":{"start":{"line":34,"column":55},"end":{"line":34,"column":69}},"type":"binary-expr","locations":[{"start":{"line":34,"column":55},"end":{"line":34,"column":64}},{"start":{"line":34,"column":64},"end":{"line":34,"column":69}}],"line":34},"14":{"loc":{"start":{"line":36,"column":18},"end":{"line":36,"column":32}},"type":"binary-expr","locations":[{"start":{"line":36,"column":18},"end":{"line":36,"column":27}},{"start":{"line":36,"column":27},"end":{"line":36,"column":32}}],"line":36},"15":{"loc":{"start":{"line":41,"column":28},"end":{"line":41,"column":62}},"type":"binary-expr","locations":[{"start":{"line":41,"column":28},"end":{"line":41,"column":43}},{"start":{"line":41,"column":43},"end":{"line":41,"column":62}}],"line":41},"16":{"loc":{"start":{"line":46,"column":10},"end":{"line":46,"column":21}},"type":"binary-expr","locations":[{"start":{"line":46,"column":10},"end":{"line":46,"column":19}},{"start":{"line":46,"column":19},"end":{"line":46,"column":21}}],"line":46},"17":{"loc":{"start":{"line":48,"column":24},"end":{"line":48,"column":35}},"type":"binary-expr","locations":[{"start":{"line":48,"column":24},"end":{"line":48,"column":33}},{"start":{"line":48,"column":33},"end":{"line":48,"column":35}}],"line":48},"18":{"loc":{"start":{"line":49,"column":16},"end":{"line":49,"column":null}},"type":"binary-expr","locations":[{"start":{"line":49,"column":16},"end":{"line":49,"column":32}},{"start":{"line":49,"column":36},"end":{"line":49,"column":null}}],"line":49}},"s":{"0":4,"1":4,"2":2,"3":0,"4":2,"5":2,"6":2,"7":2,"8":1,"9":1,"10":1,"11":1,"12":0,"13":0,"14":1,"15":1,"16":1,"17":1,"18":2,"19":1,"20":2,"21":2,"22":2,"23":2,"24":2},"f":{"0":2,"1":0,"2":1,"3":1,"4":2,"5":2},"b":{"0":[4,0],"1":[4,4],"2":[0,2],"3":[2,2],"4":[2,0],"5":[2,0],"6":[2,2],"7":[1,0],"8":[0,0],"9":[0,0],"10":[0,0],"11":[1,0],"12":[1,1],"13":[1,0],"14":[1,0],"15":[2,2],"16":[1,0],"17":[2,0],"18":[2,0]},"meta":{"lastBranch":19,"lastFunction":6,"lastStatement":25,"seen":{"s:5:12:5:21":0,"s:6:2:6:Infinity":1,"b:6:39:6:52:6:55:6:Infinity":0,"b:6:9:6:27:6:31:6:39":1,"b:11:2:11:Infinity:undefined:undefined:undefined:undefined":2,"s:11:2:11:Infinity":2,"b:11:6:11:15:11:15:11:25":3,"s:11:25:11:Infinity":3,"s:12:16:12:Infinity":4,"b:12:16:12:30:12:30:12:Infinity":4,"s:13:14:13:36":5,"b:13:22:13:34:13:34:13:36":5,"s:14:14:14:72":6,"f:14:19:14:29":0,"s:14:34:14:72":7,"b:14:34:14:54:14:54:14:72":6,"s:16:17:16:26":8,"s:17:4:17:Infinity":9,"b:17:38:17:55:17:55:17:60":7,"s:18:4:18:Infinity":10,"s:20:2:20:Infinity":11,"s:25:2:27:Infinity":12,"f:25:14:25:18":1,"s:26:4:26:Infinity":13,"b:26:39:26:73:26:73:26:Infinity":8,"b:26:4:26:19:26:19:26:39":9,"b:26:53:26:62:26:62:26:67":10,"s:32:2:36:Infinity":14,"f:33:5:33:9":2,"s:34:6:34:Infinity":15,"b:34:41:34:75:34:75:34:Infinity":11,"b:34:6:34:21:34:21:34:41":12,"b:34:55:34:64:34:64:34:69":13,"f:36:5:36:12":3,"s:36:12:36:34":16,"b:36:18:36:27:36:27:36:32":14,"s:41:2:41:Infinity":17,"f:41:14:41:21":4,"s:41:26:41:62":18,"b:41:28:41:43:41:43:41:62":15,"s:46:2:55:Infinity":19,"b:46:10:46:19:46:19:46:21":16,"f:46:23:46:Infinity":5,"s:48:16:48:35":20,"b:48:24:48:33:48:33:48:35":17,"s:49:16:49:Infinity":21,"b:49:16:49:32:49:36:49:Infinity":18,"s:50:6:50:Infinity":22,"s:51:6:51:Infinity":23,"s:52:6:52:Infinity":24}}}
,"C:\\Users\\danie\\Downloads\\ArcaneGad\\ArcaneGad\\src\\utils\\catalog.js": {"path":"C:\\Users\\danie\\Downloads\\ArcaneGad\\ArcaneGad\\src\\utils\\catalog.js","statementMap":{"0":{"start":{"line":6,"column":18},"end":{"line":6,"column":null}},"1":{"start":{"line":7,"column":18},"end":{"line":7,"column":null}},"2":{"start":{"line":12,"column":14},"end":{"line":12,"column":51}},"3":{"start":{"line":13,"column":4},"end":{"line":13,"column":null}},"4":{"start":{"line":15,"column":4},"end":{"line":15,"column":null}},"5":{"start":{"line":19,"column":2},"end":{"line":19,"column":null}},"6":{"start":{"line":24,"column":17},"end":{"line":24,"column":37}},"7":{"start":{"line":25,"column":18},"end":{"line":25,"column":45}},"8":{"start":{"line":27,"column":8},"end":{"line":27,"column":78}},"9":{"start":{"line":27,"column":54},"end":{"line":27,"column":77}},"10":{"start":{"line":28,"column":8},"end":{"line":28,"column":78}},"11":{"start":{"line":28,"column":54},"end":{"line":28,"column":77}},"12":{"start":{"line":30,"column":2},"end":{"line":30,"column":null}},"13":{"start":{"line":35,"column":2},"end":{"line":35,"column":null}},"14":{"start":{"line":35,"column":25},"end":{"line":35,"column":null}},"15":{"start":{"line":37,"column":21},"end":{"line":40,"column":null}},"16":{"start":{"line":40,"column":16},"end":{"line":40,"column":21}},"17":{"start":{"line":42,"column":2},"end":{"line":42,"column":null}},"18":{"start":{"line":42,"column":31},"end":{"line":42,"column":null}},"19":{"start":{"line":44,"column":17},"end":{"line":44,"column":37}},"20":{"start":{"line":45,"column":2},"end":{"line":45,"column":null}},"21":{"start":{"line":46,"column":2},"end":{"line":46,"column":null}},"22":{"start":{"line":49,"column":18},"end":{"line":49,"column":45}},"23":{"start":{"line":51,"column":4},"end":{"line":51,"column":null}},"24":{"start":{"line":52,"column":4},"end":{"line":52,"column":null}},"25":{"start":{"line":58,"column":2},"end":{"line":58,"column":null}},"26":{"start":{"line":58,"column":11},"end":{"line":58,"column":null}},"27":{"start":{"line":61,"column":18},"end":{"line":61,"column":45}},"28":{"start":{"line":62,"column":2},"end":{"line":62,"column":null}},"29":{"start":{"line":63,"column":2},"end":{"line":63,"column":null}},"30":{"start":{"line":66,"column":21},"end":{"line":66,"column":66}},"31":{"start":{"line":66,"column":54},"end":{"line":66,"column":66}},"32":{"start":{"line":67,"column":2},"end":{"line":67,"column":null}},"33":{"start":{"line":72,"column":2},"end":{"line":72,"column":null}},"34":{"start":{"line":72,"column":11},"end":{"line":72,"column":null}},"35":{"start":{"line":73,"column":18},"end":{"line":73,"column":45}},"36":{"start":{"line":74,"column":2},"end":{"line":74,"column":null}},"37":{"start":{"line":74,"column":26},"end":{"line":74,"column":null}},"38":{"start":{"line":79,"column":2},"end":{"line":79,"column":null}},"39":{"start":{"line":80,"column":2},"end":{"line":80,"column":null}},"40":{"start":{"line":85,"column":12},"end":{"line":85,"column":22}},"41":{"start":{"line":86,"column":16},"end":{"line":86,"column":null}},"42":{"start":{"line":87,"column":14},"end":{"line":87,"column":72}},"43":{"start":{"line":88,"column":2},"end":{"line":88,"column":null}}},"fnMap":{"0":{"name":"(anonymous_0)","decl":{"start":{"line":27,"column":42},"end":{"line":27,"column":49}},"loc":{"start":{"line":27,"column":54},"end":{"line":27,"column":77}},"line":27},"1":{"name":"(anonymous_1)","decl":{"start":{"line":28,"column":42},"end":{"line":28,"column":49}},"loc":{"start":{"line":28,"column":54},"end":{"line":28,"column":77}},"line":28},"2":{"name":"(anonymous_2)","decl":{"start":{"line":40,"column":7},"end":{"line":40,"column":11}},"loc":{"start":{"line":40,"column":16},"end":{"line":40,"column":21}},"line":40},"3":{"name":"(anonymous_3)","decl":{"start":{"line":66,"column":42},"end":{"line":66,"column":49}},"loc":{"start":{"line":66,"column":54},"end":{"line":66,"column":66}},"line":66}},"branchMap":{"0":{"loc":{"start":{"line":13,"column":11},"end":{"line":13,"column":36}},"type":"cond-expr","locations":[{"start":{"line":13,"column":30},"end":{"line":13,"column":34}},{"start":{"line":13,"column":34},"end":{"line":13,"column":36}}],"line":13},"1":{"loc":{"start":{"line":27,"column":26},"end":{"line":27,"column":40}},"type":"binary-expr","locations":[{"start":{"line":27,"column":26},"end":{"line":27,"column":38}},{"start":{"line":27,"column":38},"end":{"line":27,"column":40}}],"line":27},"2":{"loc":{"start":{"line":27,"column":54},"end":{"line":27,"column":77}},"type":"binary-expr","locations":[{"start":{"line":27,"column":54},"end":{"line":27,"column":59}},{"start":{"line":27,"column":59},"end":{"line":27,"column":77}}],"line":27},"3":{"loc":{"start":{"line":28,"column":26},"end":{"line":28,"column":40}},"type":"binary-expr","locations":[{"start":{"line":28,"column":26},"end":{"line":28,"column":38}},{"start":{"line":28,"column":38},"end":{"line":28,"column":40}}],"line":28},"4":{"loc":{"start":{"line":28,"column":54},"end":{"line":28,"column":77}},"type":"binary-expr","locations":[{"start":{"line":28,"column":54},"end":{"line":28,"column":59}},{"start":{"line":28,"column":59},"end":{"line":28,"column":77}}],"line":28},"5":{"loc":{"start":{"line":35,"column":2},"end":{"line":35,"column":null}},"type":"if","locations":[{"start":{"line":35,"column":2},"end":{"line":35,"column":null}},{"start":{},"end":{}}],"line":35},"6":{"loc":{"start":{"line":35,"column":6},"end":{"line":35,"column":25}},"type":"binary-expr","locations":[{"start":{"line":35,"column":6},"end":{"line":35,"column":15}},{"start":{"line":35,"column":15},"end":{"line":35,"column":25}}],"line":35},"7":{"loc":{"start":{"line":38,"column":9},"end":{"line":38,"column":23}},"type":"binary-expr","locations":[{"start":{"line":38,"column":9},"end":{"line":38,"column":21}},{"start":{"line":38,"column":21},"end":{"line":38,"column":23}}],"line":38},"8":{"loc":{"start":{"line":42,"column":2},"end":{"line":42,"column":null}},"type":"if","locations":[{"start":{"line":42,"column":2},"end":{"line":42,"column":null}},{"start":{},"end":{}}],"line":42},"9":{"loc":{"start":{"line":58,"column":2},"end":{"line":58,"column":null}},"type":"if","locations":[{"start":{"line":58,"column":2},"end":{"line":58,"column":null}},{"start":{},"end":{}}],"line":58},"10":{"loc":{"start":{"line":72,"column":2},"end":{"line":72,"column":null}},"type":"if","locations":[{"start":{"line":72,"column":2},"end":{"line":72,"column":null}},{"start":{},"end":{}}],"line":72},"11":{"loc":{"start":{"line":74,"column":2},"end":{"line":74,"column":null}},"type":"if","locations":[{"start":{"line":74,"column":2},"end":{"line":74,"column":null}},{"start":{},"end":{}}],"line":74},"12":{"loc":{"start":{"line":84,"column":29},"end":{"line":84,"column":44}},"type":"default-arg","locations":[{"start":{"line":84,"column":36},"end":{"line":84,"column":44}}],"line":84}},"s":{"0":3,"1":3,"2":13,"3":13,"4":0,"5":3,"6":4,"7":4,"8":4,"9":96,"10":4,"11":1,"12":4,"13":1,"14":0,"15":1,"16":24,"17":1,"18":0,"19":1,"20":1,"21":1,"22":1,"23":0,"24":0,"25":1,"26":0,"27":1,"28":1,"29":1,"30":1,"31":1,"32":1,"33":0,"34":0,"35":0,"36":0,"37":0,"38":0,"39":0,"40":0,"41":0,"42":0,"43":0},"f":{"0":96,"1":1,"2":24,"3":1},"b":{"0":[4,9],"1":[4,0],"2":[96,96],"3":[4,0],"4":[1,1],"5":[0,1],"6":[1,1],"7":[1,0],"8":[0,1],"9":[0,1],"10":[0,0],"11":[0,0],"12":[0]},"meta":{"lastBranch":13,"lastFunction":4,"lastStatement":44,"seen":{"s:6:18:6:Infinity":0,"s:7:18:7:Infinity":1,"s:12:14:12:51":2,"s:13:4:13:Infinity":3,"b:13:30:13:34:13:34:13:36":0,"s:15:4:15:Infinity":4,"s:19:2:19:Infinity":5,"s:24:17:24:37":6,"s:25:18:25:45":7,"s:27:8:27:78":8,"b:27:26:27:38:27:38:27:40":1,"f:27:42:27:49":0,"s:27:54:27:77":9,"b:27:54:27:59:27:59:27:77":2,"s:28:8:28:78":10,"b:28:26:28:38:28:38:28:40":3,"f:28:42:28:49":1,"s:28:54:28:77":11,"b:28:54:28:59:28:59:28:77":4,"s:30:2:30:Infinity":12,"b:35:2:35:Infinity:undefined:undefined:undefined:undefined":5,"s:35:2:35:Infinity":13,"b:35:6:35:15:35:15:35:25":6,"s:35:25:35:Infinity":14,"s:37:21:40:Infinity":15,"b:38:9:38:21:38:21:38:23":7,"f:40:7:40:11":2,"s:40:16:40:21":16,"b:42:2:42:Infinity:undefined:undefined:undefined:undefined":8,"s:42:2:42:Infinity":17,"s:42:31:42:Infinity":18,"s:44:17:44:37":19,"s:45:2:45:Infinity":20,"s:46:2:46:Infinity":21,"s:49:18:49:45":22,"s:51:4:51:Infinity":23,"s:52:4:52:Infinity":24,"b:58:2:58:Infinity:undefined:undefined:undefined:undefined":9,"s:58:2:58:Infinity":25,"s:58:11:58:Infinity":26,"s:61:18:61:45":27,"s:62:2:62:Infinity":28,"s:63:2:63:Infinity":29,"s:66:21:66:66":30,"f:66:42:66:49":3,"s:66:54:66:66":31,"s:67:2:67:Infinity":32,"b:72:2:72:Infinity:undefined:undefined:undefined:undefined":10,"s:72:2:72:Infinity":33,"s:72:11:72:Infinity":34,"s:73:18:73:45":35,"b:74:2:74:Infinity:undefined:undefined:undefined:undefined":11,"s:74:2:74:Infinity":36,"s:74:26:74:Infinity":37,"s:79:2:79:Infinity":38,"s:80:2:80:Infinity":39,"b:84:36:84:44":12,"s:85:12:85:22":40,"s:86:16:86:Infinity":41,"s:87:14:87:72":42,"s:88:2:88:Infinity":43}}}
}
